# JRE version: OpenJDK Runtime Environment (11.0.10) (build 11.0.10+0-b96-7249189)
# Java VM: OpenJDK 64-Bit Server VM (11.0.10+0-b96-7249189, mixed mode, tiered, compressed oops, g1 gc, windows-amd64)
Heap:
 garbage-first heap   total 131072K, used 106560K [0x0000000080000000, 0x0000000100000000)
  region size 1024K, 13 young (13312K), 2 survivors (2048K)
 Metaspace       used 82604K, capacity 84658K, committed 84992K, reserved 1122304K
  class space    used 10635K, capacity 11392K, committed 11520K, reserved 1048576K
GC Heap History (20 events):
Event: 80.656 GC heap before
{Heap before GC invocations=19 (full 0):
 garbage-first heap   total 131072K, used 72022K [0x0000000080000000, 0x0000000100000000)
  region size 1024K, 10 young (10240K), 7 survivors (7168K)
 Metaspace       used 81087K, capacity 83108K, committed 83328K, reserved 1122304K
  class space    used 10538K, capacity 11337K, committed 11392K, reserved 1048576K
}
Event: 80.672 GC heap after
{Heap after GC invocations=20 (full 0):
 garbage-first heap   total 131072K, used 72488K [0x0000000080000000, 0x0000000100000000)
  region size 1024K, 2 young (2048K), 2 survivors (2048K)
 Metaspace       used 81087K, capacity 83108K, committed 83328K, reserved 1122304K
  class space    used 10538K, capacity 11337K, committed 11392K, reserved 1048576K
}
Event: 83.448 GC heap before
{Heap before GC invocations=21 (full 0):
 garbage-first heap   total 131072K, used 95016K [0x0000000080000000, 0x0000000100000000)
  region size 1024K, 22 young (22528K), 2 survivors (2048K)
 Metaspace       used 81157K, capacity 83185K, committed 83328K, reserved 1122304K
  class space    used 10528K, capacity 11320K, committed 11392K, reserved 1048576K
}
Event: 83.463 GC heap after
{Heap after GC invocations=22 (full 0):
 garbage-first heap   total 131072K, used 82236K [0x0000000080000000, 0x0000000100000000)
  region size 1024K, 3 young (3072K), 3 survivors (3072K)
 Metaspace       used 81157K, capacity 83185K, committed 83328K, reserved 1122304K
  class space    used 10528K, capacity 11320K, committed 11392K, reserved 1048576K
}
Event: 85.246 GC heap before
{Heap before GC invocations=22 (full 0):
 garbage-first heap   total 131072K, used 97596K [0x0000000080000000, 0x0000000100000000)
  region size 1024K, 18 young (18432K), 3 survivors (3072K)
 Metaspace       used 81658K, capacity 83709K, committed 83840K, reserved 1122304K
  class space    used 10581K, capacity 11346K, committed 11392K, reserved 1048576K
}
Event: 85.256 GC heap after
{Heap after GC invocations=23 (full 0):
 garbage-first heap   total 131072K, used 86125K [0x0000000080000000, 0x0000000100000000)
  region size 1024K, 3 young (3072K), 3 survivors (3072K)
 Metaspace       used 81658K, capacity 83709K, committed 83840K, reserved 1122304K
  class space    used 10581K, capacity 11346K, committed 11392K, reserved 1048576K
}
Event: 85.622 GC heap before
{Heap before GC invocations=24 (full 0):
 garbage-first heap   total 131072K, used 94317K [0x0000000080000000, 0x0000000100000000)
  region size 1024K, 11 young (11264K), 3 survivors (3072K)
 Metaspace       used 81833K, capacity 83883K, committed 84096K, reserved 1122304K
  class space    used 10582K, capacity 11339K, committed 11392K, reserved 1048576K
}
Event: 85.634 GC heap after
{Heap after GC invocations=25 (full 0):
 garbage-first heap   total 131072K, used 88170K [0x0000000080000000, 0x0000000100000000)
  region size 1024K, 2 young (2048K), 2 survivors (2048K)
 Metaspace       used 81833K, capacity 83883K, committed 84096K, reserved 1122304K
  class space    used 10582K, capacity 11339K, committed 11392K, reserved 1048576K
}
Event: 86.756 GC heap before
{Heap before GC invocations=26 (full 0):
 garbage-first heap   total 131072K, used 108650K [0x0000000080000000, 0x0000000100000000)
  region size 1024K, 16 young (16384K), 2 survivors (2048K)
 Metaspace       used 81887K, capacity 83886K, committed 84096K, reserved 1122304K
  class space    used 10585K, capacity 11340K, committed 11392K, reserved 1048576K
}
Event: 86.768 GC heap after
{Heap after GC invocations=27 (full 0):
 garbage-first heap   total 131072K, used 89088K [0x0000000080000000, 0x0000000100000000)
  region size 1024K, 2 young (2048K), 2 survivors (2048K)
 Metaspace       used 81887K, capacity 83886K, committed 84096K, reserved 1122304K
  class space    used 10585K, capacity 11340K, committed 11392K, reserved 1048576K
}
Event: 89.876 GC heap before
{Heap before GC invocations=27 (full 0):
 garbage-first heap   total 131072K, used 104448K [0x0000000080000000, 0x0000000100000000)
  region size 1024K, 17 young (17408K), 2 survivors (2048K)
 Metaspace       used 81945K, capacity 83955K, committed 84096K, reserved 1122304K
  class space    used 10591K, capacity 11341K, committed 11392K, reserved 1048576K
}
Event: 89.886 GC heap after
{Heap after GC invocations=28 (full 0):
 garbage-first heap   total 131072K, used 90455K [0x0000000080000000, 0x0000000100000000)
  region size 1024K, 3 young (3072K), 3 survivors (3072K)
 Metaspace       used 81945K, capacity 83955K, committed 84096K, reserved 1122304K
  class space    used 10591K, capacity 11341K, committed 11392K, reserved 1048576K
}
Event: 90.184 GC heap before
{Heap before GC invocations=29 (full 0):
 garbage-first heap   total 131072K, used 105815K [0x0000000080000000, 0x0000000100000000)
  region size 1024K, 18 young (18432K), 3 survivors (3072K)
 Metaspace       used 81949K, capacity 83955K, committed 84096K, reserved 1122304K
  class space    used 10591K, capacity 11341K, committed 11392K, reserved 1048576K
}
Event: 90.192 GC heap after
{Heap after GC invocations=30 (full 0):
 garbage-first heap   total 131072K, used 90339K [0x0000000080000000, 0x0000000100000000)
  region size 1024K, 2 young (2048K), 2 survivors (2048K)
 Metaspace       used 81949K, capacity 83955K, committed 84096K, reserved 1122304K
  class space    used 10591K, capacity 11341K, committed 11392K, reserved 1048576K
}
Event: 90.246 GC heap before
{Heap before GC invocations=30 (full 0):
 garbage-first heap   total 131072K, used 105699K [0x0000000080000000, 0x0000000100000000)
  region size 1024K, 17 young (17408K), 2 survivors (2048K)
 Metaspace       used 81952K, capacity 83955K, committed 84096K, reserved 1122304K
  class space    used 10591K, capacity 11341K, committed 11392K, reserved 1048576K
}
Event: 90.250 GC heap after
{Heap after GC invocations=31 (full 0):
 garbage-first heap   total 131072K, used 90311K [0x0000000080000000, 0x0000000100000000)
  region size 1024K, 2 young (2048K), 2 survivors (2048K)
 Metaspace       used 81952K, capacity 83955K, committed 84096K, reserved 1122304K
  class space    used 10591K, capacity 11341K, committed 11392K, reserved 1048576K
}
Event: 90.408 GC heap before
{Heap before GC invocations=31 (full 0):
 garbage-first heap   total 131072K, used 106695K [0x0000000080000000, 0x0000000100000000)
  region size 1024K, 18 young (18432K), 2 survivors (2048K)
 Metaspace       used 81953K, capacity 83955K, committed 84096K, reserved 1122304K
  class space    used 10591K, capacity 11341K, committed 11392K, reserved 1048576K
}
Event: 90.412 GC heap after
{Heap after GC invocations=32 (full 0):
 garbage-first heap   total 131072K, used 90221K [0x0000000080000000, 0x0000000100000000)
  region size 1024K, 1 young (1024K), 1 survivors (1024K)
 Metaspace       used 81953K, capacity 83955K, committed 84096K, reserved 1122304K
  class space    used 10591K, capacity 11341K, committed 11392K, reserved 1048576K
}
Event: 90.603 GC heap before
{Heap before GC invocations=33 (full 0):
 garbage-first heap   total 131072K, used 97389K [0x0000000080000000, 0x0000000100000000)
  region size 1024K, 10 young (10240K), 1 survivors (1024K)
 Metaspace       used 81977K, capacity 83961K, committed 84096K, reserved 1122304K
  class space    used 10594K, capacity 11343K, committed 11392K, reserved 1048576K
}
Event: 90.613 GC heap after
{Heap after GC invocations=34 (full 0):
 garbage-first heap   total 131072K, used 94791K [0x0000000080000000, 0x0000000100000000)
  region size 1024K, 3 young (3072K), 3 survivors (3072K)
 Metaspace       used 81977K, capacity 83961K, committed 84096K, reserved 1122304K
  class space    used 10594K, capacity 11343K, committed 11392K, reserved 1048576K
}

